ACQ_CODES_ERREUR                Message definitions          15-OCT-1997 14:33:08  Message A02-10                   Page   1
                                                             16-SEP-1997 14:34:49  DISK$USER_2:[RAINE.ACQ_TAPE.C_PACKAGE.INCLUD
 
                                      1  .TITLE GANIL_ACQUISITION Errors and warnings messages
                                      2  .IDENT 'Version 1.0'
                         00000801     3  .FACILITY ACQUIS,1/PREFIX=ACQ_
                                      4 
                                      5 
                                      6  .BASE 0
                                      7 !*********************************************************************
                                      8 !                zone messages interet general                       *
                                      9 !                  (success et informational)                        *
                                     10 !*********************************************************************
                                     11 
                                     12  .SEVERITY SUCCESS
                         08018001    13 OK <you know what? I'm HAPPY!>
                         08018009    14 ON <your acquisition is running>
                         08018011    15 OFF <your acquisition is halted>
                         08018019    16 ADDTAPEOK <successfull adding operation of a storage device >
                         08018021    17 REMTAPEOK <successfull removing operation of a storage device >
                         08018029    18 ENABTAPEOK <successfull enabling operation of storage device >
                         08018031    19 DISABTAPEOK <successfull disabling operation of storage device >
                         08018039    20 MOUNTTAPEOK < successfull mount operation >
                         08018041    21 INIACQEXEC <successfull execution of initialization of the VME crate>
                                     22            
                                     23  .SEVERITY INFORMATIONAL
                         0801804B    24 TIMOUT <going out of "semwait" through time out condition>
                         08018053    25 MBXNOMSG <there is no message in that mailbox>
                         0801805B    26 PURGEDPID <a communication session was purged...>
                         08018063    27 DBGMOD <starting debug mode for acquisition>
                         0801806B    28 NODBGMOD <ending debug mode for acquisition>
                         08018073    29 CTRLMOD <starting control mode for acquisition>
                         0801807B    30 FULLCTRLMOD <starting full control mode for acquisition>
                         08018083    31 STNDCTRLMOD <starting standard control mode for acquisition (no user call)>
                         0801808B    32 USERCTRLMOD <starting user control mode for acquisition>
                         08018093    33 NOCTRLMOD <no more control is performed on acquisition>
                         0801809B    34 STOREMOD <starting store mode for acquisition>
                         080180A3    35 NOSTOREMOD <acquisition goes on without storage of datas>
                         080180AB    36 SIMMOD <starting simulation mode for acquisition>
                         080180B3    37 NOSIMMOD <ending simulation mode for acquisition>
                         080180BB    38 CONNECTION <a new communication session starts now...>
                         080180C3    39 DISCONNECT <a communication session stops!>
                         080180CB    40 ASKFORABORT <received a demand to abort the application>
                         080180D3    41 TAPEISFULL <tape was full,and dismounted, load another if necessary and mount it>
                         080180DB    42 FREECTRLBUF <a buffer was freed up without control>
                         080180E3    43 ENDOFBUFFER <the buffer doesn't contain any other event>
                         080180EB    44 NOACQUIS <the GANIL acquisition is not started>
                         080180F3    45 VISUOFFLINE <the visualisation runs off line>
                         080180FB    46 VISUNOCONNECT <the visualisation is not actually connected to host>
                         08018103    47 FREEBUFONSTOP <when acquisition stopped, some buffers were freed up>
                         0801810B    48 FREEBUFONCRASH <on crash of control process, some buffers were freed up>
                         08018113    49 ENDOFFILE <attempt to read past end of file>
                         0801811B    50 ENDOFTAPE <attempt to read past end of tape>
                         08018123    51 DUMPALLMOD <starting dump all buffers mode>
                         0801812B    52 DUMPNONEMOD <starting nodump buffers mode>
                         08018133    53 DUMPSTOREMOD <starting dump store buffers mode>
                         0801813B    54 DUMPCTRLMOD <starting dump control buffers mode>
                         08018143    55 NEWCTRLTASK <starting with a new version of user control program>
                         0801814B    56 NEWREADTASK <reload the read VME task (ACQ_READ_DATA)>
GANIL_ACQUISITION               Errors and warnings messages 15-OCT-1997 14:33:08  Message A02-10                   Page   2
                                                             16-SEP-1997 14:34:49  DISK$USER_2:[RAINE.ACQ_TAPE.C_PACKAGE.INCLUD
 
                         08018153    57 NEWSFROMVME <received from VME crate this informational message>
                         0801815B    58 EXIT <ask to exit a command session>
                         08018163    59 REPLAYMOD <starting replay mode for acquisition>
                         0801816B    60 NOREPLAYMOD <starting normal mode for acquisition>
                         08018173    61 NOMOREVINBUF <no more event in that buffer>
                         0801817B    62 RETPROCCTRL <something has been sent back to ACQUISITION process>
                         08018183    63 READSTRT <starting ACQ_READ_DATA process>
                         0801818B    64 CTRLSTRT <starting ACQ_CTRL_DATA process>
                         08018193    65 STORESTRT <starting ACQ_STORE_DATA process>
                         0801819B    66 NOFILTDEF <no filter defined>
                         080181A3    67 OPNOTCOMP <operation is not completed, wait a moment...>
                         080181AB    68 VMEINIFILEXEC <auto execution of VME initialization file>
                         080181B3    69 VMESTAFILEXEC <auto execution of VME start of run file>
                         080181BB    70 VMEFIRFILEXEC <auto execution of VME "first in run" file>
                         080181C3    71 VMEENDFILEXEC <auto execution of VME end of run file>
                         080181CB    72 ARGALL <'all' character argument specified as command parameter>
                         080181D3    73 NEWSTORETASK <reload the storage task (ACQ_STORE_DATA)>
                         080181DB    74 AUTENDRUN <automatic end of run number >
                         080181E3    75 STWHAUTENAB <stop acquisition (automatic mode is disabled, or no tape is available)>
                                     76 
                                     77  .BASE 300
                                     78 !*********************************************************************
                                     79 !                zone messages interet general                       *
                                     80 !                         (warning)                                  *
                                     81 !*********************************************************************
                                     82  
                                     83  .SEVERITY WARNING
                         08018960    84 NOTIMPL  <not yet implemented>
                         08018968    85 GLTOOSHORT <global section contains less bytes than requested>
                         08018970    86 NOCONNECT <got a message without connection code...>
                         08018978    87 NOMORESESSION <session table is full>
                         08018980    88 UNEXPMSG <the header of this message does not match with acquisition rules>
                         08018988    89 UNEXPCODE <the action code of this message is unknown >
                         08018990    90 NOPRIV <you don't have the required privilege for this operation!>
                         08018998    91 PRIVALRATTR <the privilege you want was previously attributed>
                         080189A0    92 PRIVNOTALLOWED <the privilege you want requires a password>
                         080189A8    93 ACTNOTAUT <this action is not authorized in this context>
                         080189B0    94 TOOMUCHTAPE <you already have maximal allowed number of storage devices>
                         080189B8    95 ALRALLOC <this storage device is already yours>
                         080189C0    96 NOTALLOC <this storage device is not actually yours>
                         080189C8    97 NOMORETAPE <you don't have any storage device for your acquisition>
                         080189D0    98 NOTMOUNT <the tape on which you want to work is not mounted>
                         080189D8    99 ALREADYMOUNT <the tape you want to mount is already mounted>
                         080189E0   100 ISNOTATAPE <the name you enter doesn't represent a storage device>
                         080189E8   101 TAPEINUSE <this storage device is actually used by your acquisition>
                         080189F0   102 TAPENODISP <this storage device is not actually available>
                         080189F8   103 BADEVENTFORM <the format of this event is not compatible with IN2P3 standard>
                         08018A00   104 SPECTABFULL <you already got the maximal allowed count of spectra >
                         08018A08   105 PARTABFULL <you already got the maximal allowed count of parameters >
                         08018A10   106 DUPPLNAME <this name is already in this table>
                         08018A18   107 UNKNSPEC <this spectrum was not defined in the table.Check name or number>
                         08018A20   108 SPFULLSPACE <the whole space dedicated to spectra incrementation is used>
                         08018A28   109 TOOMANYSPEC <too many spectra to start at the same time>
                         08018A30   110 SPALRINC <some of these spectra are already incremented>
                         08018A38   111 SPWRNGALRINC <some spectra to start were already being incremented>
                         08018A40   112 SPCLRGALRINC <the spectra already incremented have been cleared>
                         08018A48   113 SPNOTALLSUSP <some of the spectra you want to restart were not suspended>
GANIL_ACQUISITION               Errors and warnings messages 15-OCT-1997 14:33:08  Message A02-10                   Page   3
                                                             16-SEP-1997 14:34:49  DISK$USER_2:[RAINE.ACQ_TAPE.C_PACKAGE.INCLUD
 
                         08018A50   114 SPNOTALLINC <some of the spectra you want to suspend are not started>
                         08018A58   115 SPNOTINTABLE <the spectrum you want to replace is not in the dictionnary>
                         08018A60   116 INCRSPEC <the spectrum you want to replace is actually incremented>
                         08018A68   117 PARNOTINTABLE <the parameter you want to replace was not defined>
                         08018A70   118 USEDPARAM <the parameter you want to replace is actually in use>
                         08018A78   119 NOSUCHPAR <one parameter you want to use doesn't exist>
                         08018A80   120 NOSUCHCOEF <the coefficient you want to change doesn't exist>
                         08018A88   121 COEFTABFULL <you already got the maximal allowed count of user coefficients>
                         08018A90   122 ERALLOCVM <virtual memory allocation failure >
                         08018A98   123 NOTALLSTOPPED <all spectra cannot be stopped (remote connection ??)>
                         08018AA0   124 ERCODERSIZE <more bits were coded for this parameter than in description> 
                         08018AA8   125 STORNONEXIST <the spectrum you want save doesn't exist actually>
                         08018AB0   126 ERRLOGTAB <error detected in logical tables...>
                         08018AB8   127 NOSUCHSPEC <this spectrum was not defined>
                         08018AC0   128 NOINCRSPEC <this spectrum is not actually incremented>
                         08018AC8   129 CHRUNWHILACT <cannot change run number while acquisition runs>
                         08018AD0   130 CTRLUSRERR <this error was signaled in the user part of control process>
                         08018AD8   131 UNKNCOEF <this coeff was not defined in the table.Check name or number>
                         08018AE0   132 UNKNPARAM <this parameter was not defined in the table.Check name or number>
                         08018AE8   133 LOSTCONNECTION <sorry,lost connection with DECnet partner>
                         08018AF0   134 ACQALRRUN <Your acquisition is already running...>
                         08018AF8   135 INVPASSW <Invalid password>
                         08018B00   136 DEVNOTMOUNT <The device you want to access is not mounted>
                         08018B08   137 DEVWRITLOCK <This device is write-locked>
                         08018B10   138 CTRLBUSY <The control process is busy...Try again later!>
                         08018B18   139 NOCHGWHRUN <cannot reload any process while acquisition is running>
                         08018B20   140 NOABTWHMOUN <Please dismount tapes before abort aquisition process>
                         08018B28   141 ERVMESYNC < Some error occurs during synchronization with remote VME crate>
                         08018B30   142 WARNFROMVME <received from VME crate this warning message>
                         08018B38   143 NOINIWHRUN <cannot init VME crate while acquisition is running>
                         08018B40   144 BUFALREADYGOT <current control buffer was already read from your task>
                         08018B48   145 NOCTRLBUFDISP <there is currently no control buffer because acq is stopped >
                         08018B50   146 ERRCTRLBUF <an error occurs in control buffer copy (twice changed)>
                         08018B58   147 NOCURRCTRLBUF <there is no available ctrl buffer, please try again>
                         08018B60   148 RAFRFULL  <auxilliary array for refreshment of spectrum is full>
                         08018B68   149 WRBUFCTRL <will store a control buffer, please contact manager>
                         08018B70   150 TOOMANYINCR <too many incremented spectra related to a parameter>
                         08018B78   151 CNTOU_INVBITMP <invalid bitmap dimensions>
                         08018B80   152 CNTOU_OUTBITMP <contour not within related bitmap>
                         08018B88   153 CNTOU_TOOTWIST <too many intersections between contour and horizontal line>
                         08018B90   154 CNTOU_FUNNY <something weird in the contour point list ; check it>
                         08018B98   155 TOOMANYPOINTS <too many points in the current contour>
                         08018BA0   156 INVPOINTNUMB <invalid points number>
                         08018BA8   157 NOSUCHCNTOU <this contour was not defined>
                         08018BB0   158 INVCONTSCAL <invalid contour scaling factor>
                         08018BB8   159 INVCONTNAM  <invalid contour name>
                         08018BC0   160 CONTOUTABFULL <you already got the maximal allowed count of contours >
                         08018BC8   161 UNKNCONTOUR  <this contour was not defined in the table.Check name or number>
                         08018BD0   162 FAMINOCNTOU  <No contour belongs to this family. Check name>
                         08018BD8   163 CNTOUNOTIMPL  <type of contour not yet implemented>
                         08018BE0   164 BITMAPTABFULL <you already got the maximal allowed count of bitmaps >
                         08018BE8   165 NOBITMAP <No bitmap for this filter>
                         08018BF0   166 INVFILTNAM  <invalid filter name>
                         08018BF8   167 UNKNFILTER <this filter was not defined in the table.Check name or number>
                         08018C00   168 FILTERTABFULL <you already got the maximal allowed count of filters >
                         08018C08   169 INVFILTSYNTX <invalid filter syntax>
                         08018C10   170 INVPARVAL <invalid parameter value specified>
GANIL_ACQUISITION               Errors and warnings messages 15-OCT-1997 14:33:09  Message A02-10                   Page   4
                                                             16-SEP-1997 14:34:49  DISK$USER_2:[RAINE.ACQ_TAPE.C_PACKAGE.INCLUD
 
                         08018C18   171 DUPPLFILTER  <this filter is already in the table>
                         08018C20   172 TOOLONGFILTDEF <too long filter def. string; split it into several filters>
                         08018C28   173 NOFILDELWHCOND <Warning ! A spectrum is conditionned by this filter !>
                         08018C30   174 NOFILDELWHCOMP <Warning ! This filter is used to define a compound filter !>
                         08018C38   175 INVFILESPEC <invalid file specification>
                         08018C40   176 NOTAPACTWHRUN <skip actions on tape are not allowed while running>
                         08018C48   177 VMEINIFILNOFND <VME initialization file not found for auto execution>
                         08018C50   178 VMESTAFILNOFND <VME start of run file not found for auto execution>
                         08018C58   179 VMEFIRFILNOFND <VME "first in run" file not found for auto execution>
                         08018C60   180 VMEENDFILNOFND <VME end of run file not found for auto execution>
                         08018C68   181 NONSTWHMOUN <Please dismount tapes before reload storage process>
                         08018C70   182 NOMODCHGWHRUN <buffer selection mode is not allowed while acquisition is running>
                                    183                                        
                                    184  .BASE 400
                                    185 !*********************************************************************
                                    186 !                zone messages interet general                       *
                                    187 !                         (error)                                    *
                                    188 !*********************************************************************
                                    189 
                                    190  .SEVERITY ERROR
                         08018C82   191 ERRPARAM <parameter error>
                         08018C8A   192 VMAXTBIG <maximal value out of range>
                         08018C92   193 VMINTBIG <minimal value out of range>
                         08018C9A   194 VTOOBIG  <value out of range>
                         08018CA2   195 CNXREFUS <connection to "acquisition" refused>
                         08018CAA   196 TOOMUCHCHAR <too much characters in this definition >
                         08018CB2   197 RAFBUFOVF <overflow of the refresh buffer>
                         08018CBA   198 NOREPCTRL <the ACQ_CTRL_DATA process doesn't answer...sorry!>
                         08018CC2   199 IOFORT <i/o error detected in fortran calls>
                         08018CCA   200 INVARG <invalid or missing argument(s) in your command>
                         08018CD2   201 ERRDURREAD <error occurs while reading a tape or disk file>
                         08018CDA   202 ERRNUMSPEC <call to acq_inc_user... routines for unknown spectra>
                         08018CE2   203 ERRTYPSPEC <call to acq_inc_user... routines for spectra of another type>
                         08018CEA   204 ERRSIZSPEC <call to acq_inc_user... with an index larger than the spectra size>
                         08018CF2   205 BADTAPEFORM <format of tape or disk file is not compatible with IN2P3 standard>
                         08018CFA   206 ERRFROMVME <a fatal error message was issued from VME crate>
                         08018D02   207 VMECOMLEN <Length of vme command line too big>
                         08018D0A   208 TAPEISVERYFULL <problem of synchro with VME, and must close the file on tape>
                         08018D12   209 VMETCPNOMEM < TCPVME: not enough memory >
                         08018D1A   210 TCPREPTOOSMALL < TCPVME: answer buffer is too small>
                         08018D22   211 IOFAMFILE <Input/Output error with the spectrum family file>
                         08018D2A   212 ERRSETSYMBFAM <Cannot set the symbol for one spectra family>
                         08018D32   213 STOSPECIO <i/o error in storage operation of spectra>
                         08018D3A   214 STOCONTOURIO <i/o error in storage operation of contours>
                         08018D42   215 READCONTOURIO <i/o error in reading operation of contours>
                         08018D4A   216 ERRFILTFILEIO <error in filter file input/output>
                         08018D52   217 INVDATINBUF <a buffer contains invalid datas, contact system manager>
                         08018D5A   218 NODEVMOUNT <no storage operation is possible because no device is mounted>
                                    219 
                                    220  .BASE 500
                                    221 !*********************************************************************
                                    222 !                zone messages interet general                       *
                                    223 !                        (fatal)                                     *
                                    224 !*********************************************************************
                                    225 
                                    226  .SEVERITY FATAL
                         08018FA4   227 NODLINVALID <the ODL'number is invalid (not initialized or false)>
GANIL_ACQUISITION               Errors and warnings messages 15-OCT-1997 14:33:09  Message A02-10                   Page   5
                                                             16-SEP-1997 14:34:49  DISK$USER_2:[RAINE.ACQ_TAPE.C_PACKAGE.INCLUD
 
                         08018FAC   228 READEXIT <the process ACQ_READ_DATA exits now>
                         08018FB4   229 STOREEXIT <the process ACQ_STORE_DATA exits now>
                         08018FBC   230 CTRLEXIT <the process ACQ_CTRL_DATA exits now>
                         08018FC4   231 ACQUISEXIT <the process ACQUISITION exits now>
                         08018FCC   232 PRCRASH <one of the acquisition process recently crashed>
                         08018FD4   233 FATERRREC < did receive a fatal error code message >
                         08018FDC   234 ERRFICCOEF <error detected in the initialization file of user coefficients>
                         08018FE4   235 ERRFICSPECTRE <error detected in the initialization file of spectra>
                         08018FEC   236 ERRFICPARBR <error detected in the initialization file of parameters>
                         08018FF4   237 ERRFICPARCA <error detected in the initialization file of calculated parameters>
                         08018FFC   238 ERRDICOSPEC <error detected in spectra's description tables>
                         08019004   239 ERRDICOPAR <error detected in parameters' description tables>
                         0801900C   240 ERRDICOCNTOU <error detected in contours' description tables>
                         08019014   241 ERRDICOFILT <error detected in filters' description tables>
                         0801901C   242 ERREVTCALC <error in user program; too many calc. parameters put into event>
                         08019024   243 ERREVNTLEN <error detected in the control event length>
                         0801902C   244 EVTDESCIO <i/o error by reading the event descriptor file>
                         08019034   245 EVTDESCFMT <format error in the event descriptor file>
                         0801903C   246 EVTDESCLEN <the lentgh of the event descriptor file is too big>
                         08019044   247 PARDESCFMT <a format error was detected in the parameter table>
                         0801904C   248 CTRLIOEXIT <the process ACQ_CTRL_IO exits now>
                         08019054   249 UNKNODEID <the remote node identifier is unknown (symbol ACQ_REMOTE_NODE_ID)>
                         0801905C   250 CTRLUSRABT <this abort error was signaled in the user part of control process>
                         08019064   251 DRB32ERR <a fatal error was detected in the DRB32 driver...>
                         0801906C   252 ERROPNDECNET <error occurs when opening a decnet task_to_task connection>
                         08019074   253 ERRSPECLEN <error on length while read_spectrum operation>
                         0801907C   254 ERRLOCKSPEC <fatal error on lock counter...please call manager>
                         08019084   255 ERRALLOCSPEC <fatal error on mapping while read_spectrum operation>
                         0801908C   256 STOBUFTOOBIG <the buffer size is too big to store under IN2P3 standard>
                         08019094   257 FATPRCRASH <the acquisition process recently crashed>
                         0801909C   258 NOMORESTORE <acquisition stopped because of tape or disk drive error>
                         080190A4   259 INVDATABUF <This buffer is not a data buffer (not EVENTDB header)>
                         080190AC   260 ERRDATABUF <An error was found in this data buffer >
                         080190B4   261 READCRASH < Process ACQ_READ_DATA recently crashed>
                         080190BC   262 CTRLCRASH < Process ACQ_CTRL_DATA process recently crashed>
                         080190C4   263 STORCRASH < Process ACQ_STORE_DATA process recently crashed>
                         080190CC   264 ERRINIVME < Error from VME during initialization phase>
                         080190D4   265 VMENOBUFREP < TCPVME: no answer buffer and not enough memory, close connection>
                         080190DC   266 UNKNDATLINK < Type of data link is unknown, see symbol ACQ_TYPE_OF_DATA_LINK>
                         080190E4   267 CENTRALERR < a fatal error was detected in the central multiplexer crate...>
                         080190EC   268 NOREQSPACE <not enough free space on disk to start a new run>
                         080190F4   269 DISKFULL <no more disk space; current run stopped>
                         080190FC   270 TOOMCHINVDAT <too much consecutive invalid buffers. Contact system manager >
                                    271 
                                    272  .BASE 200
                                    273 !*********************************************************************
                                    274 !       codes concernant la lecture (process "ACQ_READ_DATA")        *
                                    275 !*********************************************************************
                                    276  .SEVERITY INFORMATIONAL
                         08018643   277 NOVMEBUFDISP <there is no ready buffer in VME crate>
                                    278 
                                    279  .SEVERITY WARNING
                         08018648   280 BUFINATTENDU <store (control) buffer when nostore (nocontrol) from VME>
                         08018650   281 BUFTYPUNKNOWN <receive a buffer with an unknown type from VME>
                         08018658   282 BUFTYPERR <control process receive a non control buffer>
                         08018660   283 BUFVIDE <a new control buffer doesn't contain any event...>
                         08018668   284 VMELBUFER <the received buffer has not the right length>
GANIL_ACQUISITION               Errors and warnings messages 15-OCT-1997 14:33:09  Message A02-10                   Page   6
                                                             16-SEP-1997 14:34:49  DISK$USER_2:[RAINE.ACQ_TAPE.C_PACKAGE.INCLUD
 
                                    285 
                                    286   .BASE 280
                                    287 !*********************************************************************
                                    288 !                          gestion buffer                            *
                                    289 !*********************************************************************
                                    290  .SEVERITY INFORMATIONAL
                                    291 
                         080188C3   292 FIFOEMPTY <attempt to get from an empty queue>
                                    293 
                                    294  .SEVERITY WARNING
                         080188C8   295 SIZTOOBIG    <queue size is too big>
                         080188D0   296 BUFSIZTOOBIG  <buffer size is too big>
                         080188D8   297 FIFOFULL     <attempt to put in queue which is already full>
                         080188E0   298 FIFODISAB    <attempt to put or get in queue while disabled>
                                    299  .SEVERITY ERROR
                         080188EA   300 QNOEMPTY     <attempt to modify queue characteristics while not empty>
                         080188F2   301 BUFQNINIT    <buffer-queue not initialized>
                                    302  .SEVERITY FATAL
                         080188FC   303 ERLOCKMGR <error detected in lock manager...call system manager>
                                    304 
                                    305 
                                    306  .END

There were 0 errors, 0 warnings, and 0 informational messages issued.
MESSAGE/OBJ=LIBDIR:ACQ_CODES_ERREUR.OBJ/LIST=INCDIR:ACQ_CODES_ERREUR.LIS INCDIR:ACQ_CODES_ERREUR.MSG
