This file contains any messages produced by compilers while
running configure, to aid debugging if configure makes a mistake.

It was created by fitLTG configure 0.1, which was
generated by GNU Autoconf 2.59.  Invocation command line was

  $ ./configure --prefix=/afs/in2p3.fr/home/p/pwigg/KaliVeda_e503

## --------- ##
## Platform. ##
## --------- ##

hostname = ccage028
uname -m = x86_64
uname -r = 2.6.18-238.12cc.el5
uname -s = Linux
uname -v = #1 SMP Thu Mar 3 12:19:21 CET 2011

/usr/bin/uname -p = unknown
/bin/uname -X     = unknown

/bin/arch              = x86_64
/usr/bin/arch -k       = unknown
/usr/convex/getsysinfo = unknown
hostinfo               = unknown
/bin/machine           = unknown
/usr/bin/oslevel       = unknown
/bin/universe          = unknown

PATH: /afs/in2p3.fr/home/p/pwigg/KaliVeda_e503/bin
PATH: /afs/in2p3.fr/throng/indra/.kvroot-1.8.3_gcc-4.1.2_x86_64_root-5.33.01/bin
PATH: /afs/in2p3.fr/throng/indra/.root-5.33_gcc-4.1.2_x86_64/bin
PATH: /afs/in2p3.fr/throng/indra/xrootd/bin
PATH: /opt/sge/bin/lx24-amd64
PATH: /opt/sge/utilbin/lx24-amd64
PATH: /opt/sge/bin/lx24-amd64
PATH: /opt/sge/util
PATH: /usr/afsws/bin
PATH: /usr/afsws/etc
PATH: /usr/kerberos/bin
PATH: /usr/local/bin
PATH: /usr/local/shared/bin
PATH: /bin
PATH: /sbin
PATH: /usr/bin
PATH: /usr/sbin
PATH: /usr/X11R6/bin
PATH: /afs/in2p3.fr/cernlib/amd64_sl5/pro/bin
PATH: /afs/in2p3.fr/home/p/pwigg/bin
PATH: /usr/local/srb/prod/bin
PATH: /afs/in2p3.fr/throng/indra/bin
PATH: /afs/in2p3.fr/throng/indra/any
PATH: /afs/in2p3.fr/throng/indra/bin/dapnia
PATH: /afs/in2p3.fr/throng/indra/orsay/smm


## ----------- ##
## Core tests. ##
## ----------- ##

configure:1550: checking for a BSD-compatible install
configure:1605: result: /usr/bin/install -c
configure:1616: checking whether build environment is sane
configure:1659: result: yes
configure:1724: checking for gawk
configure:1740: found /bin/gawk
configure:1750: result: gawk
configure:1760: checking whether make sets $(MAKE)
configure:1780: result: yes
configure:2009: checking for gcc
configure:2025: found /usr/bin/gcc
configure:2035: result: gcc
configure:2279: checking for C compiler version
configure:2282: gcc --version </dev/null >&5
gcc (GCC) 4.1.2 20080704 (Red Hat 4.1.2-48)
Copyright (C) 2006 Free Software Foundation, Inc.
This is free software; see the source for copying conditions.  There is NO
warranty; not even for MERCHANTABILITY or FITNESS FOR A PARTICULAR PURPOSE.

configure:2285: $? = 0
configure:2287: gcc -v </dev/null >&5
Using built-in specs.
Target: x86_64-redhat-linux
Configured with: ../configure --prefix=/usr --mandir=/usr/share/man --infodir=/usr/share/info --enable-shared --enable-threads=posix --enable-checking=release --with-system-zlib --enable-__cxa_atexit --disable-libunwind-exceptions --enable-libgcj-multifile --enable-languages=c,c++,objc,obj-c++,java,fortran,ada --enable-java-awt=gtk --disable-dssi --enable-plugin --with-java-home=/usr/lib/jvm/java-1.4.2-gcj-1.4.2.0/jre --with-cpu=generic --host=x86_64-redhat-linux
Thread model: posix
gcc version 4.1.2 20080704 (Red Hat 4.1.2-48)
configure:2290: $? = 0
configure:2292: gcc -V </dev/null >&5
gcc: '-V' option must have argument
configure:2295: $? = 1
configure:2318: checking for C compiler default output file name
configure:2321: gcc    conftest.c  >&5
configure:2324: $? = 0
configure:2370: result: a.out
configure:2375: checking whether the C compiler works
configure:2381: ./a.out
configure:2384: $? = 0
configure:2401: result: yes
configure:2408: checking whether we are cross compiling
configure:2410: result: no
configure:2413: checking for suffix of executables
configure:2415: gcc -o conftest    conftest.c  >&5
configure:2418: $? = 0
configure:2443: result: 
configure:2449: checking for suffix of object files
configure:2470: gcc -c   conftest.c >&5
configure:2473: $? = 0
configure:2495: result: o
configure:2499: checking whether we are using the GNU C compiler
configure:2523: gcc -c   conftest.c >&5
configure:2529: $? = 0
configure:2533: test -z 
			 || test ! -s conftest.err
configure:2536: $? = 0
configure:2539: test -s conftest.o
configure:2542: $? = 0
configure:2555: result: yes
configure:2561: checking whether gcc accepts -g
configure:2582: gcc -c -g  conftest.c >&5
configure:2588: $? = 0
configure:2592: test -z 
			 || test ! -s conftest.err
configure:2595: $? = 0
configure:2598: test -s conftest.o
configure:2601: $? = 0
configure:2612: result: yes
configure:2629: checking for gcc option to accept ANSI C
configure:2699: gcc  -c -g -O2  conftest.c >&5
configure:2705: $? = 0
configure:2709: test -z 
			 || test ! -s conftest.err
configure:2712: $? = 0
configure:2715: test -s conftest.o
configure:2718: $? = 0
configure:2736: result: none needed
configure:2754: gcc -c -g -O2  conftest.c >&5
conftest.c:2: error: expected '=', ',', ';', 'asm' or '__attribute__' before 'me'
configure:2760: $? = 1
configure: failed program was:
| #ifndef __cplusplus
|   choke me
| #endif
configure:2904: checking for style of include used by make
configure:2932: result: GNU
configure:2960: checking dependency style of gcc
configure:3050: result: gcc3
configure:3119: checking for gfortran
configure:3135: found /usr/bin/gfortran
configure:3145: result: gfortran
configure:3160: checking for Fortran 77 compiler version
configure:3163: gfortran --version </dev/null >&5
GNU Fortran (GCC) 4.1.2 20080704 (Red Hat 4.1.2-48)
Copyright (C) 2007 Free Software Foundation, Inc.

GNU Fortran comes with NO WARRANTY, to the extent permitted by law.
You may redistribute copies of GNU Fortran
under the terms of the GNU General Public License.
For more information about these matters, see the file named COPYING

configure:3166: $? = 0
configure:3168: gfortran -v </dev/null >&5
Using built-in specs.
Target: x86_64-redhat-linux
Configured with: ../configure --prefix=/usr --mandir=/usr/share/man --infodir=/usr/share/info --enable-shared --enable-threads=posix --enable-checking=release --with-system-zlib --enable-__cxa_atexit --disable-libunwind-exceptions --enable-libgcj-multifile --enable-languages=c,c++,objc,obj-c++,java,fortran,ada --enable-java-awt=gtk --disable-dssi --enable-plugin --with-java-home=/usr/lib/jvm/java-1.4.2-gcj-1.4.2.0/jre --with-cpu=generic --host=x86_64-redhat-linux
Thread model: posix
gcc version 4.1.2 20080704 (Red Hat 4.1.2-48)
configure:3171: $? = 0
configure:3173: gfortran -V </dev/null >&5
gfortran: '-V' option must have argument
configure:3176: $? = 1
configure:3184: checking whether we are using the GNU Fortran 77 compiler
configure:3198: gfortran -c  conftest.F >&5
configure:3204: $? = 0
configure:3208: test -z 
			 || test ! -s conftest.err
configure:3211: $? = 0
configure:3214: test -s conftest.o
configure:3217: $? = 0
configure:3230: result: yes
configure:3236: checking whether gfortran accepts -g
configure:3248: gfortran -c -g conftest.f >&5
configure:3254: $? = 0
configure:3258: test -z 
			 || test ! -s conftest.err
configure:3261: $? = 0
configure:3264: test -s conftest.o
configure:3267: $? = 0
configure:3279: result: yes
configure:3382: checking build system type
configure:3400: result: x86_64-unknown-linux-gnu
configure:3408: checking host system type
configure:3422: result: x86_64-unknown-linux-gnu
configure:3430: checking for a sed that does not truncate output
configure:3486: result: /bin/sed
configure:3489: checking for egrep
configure:3499: result: grep -E
configure:3515: checking for ld used by gcc
configure:3582: result: /usr/bin/ld
configure:3591: checking if the linker (/usr/bin/ld) is GNU ld
configure:3606: result: yes
configure:3611: checking for /usr/bin/ld option to reload object files
configure:3618: result: -r
configure:3636: checking for BSD-compatible nm
configure:3685: result: /usr/bin/nm -B
configure:3689: checking whether ln -s works
configure:3693: result: yes
configure:3700: checking how to recognise dependent libraries
configure:3876: result: pass_all
configure:3964: gcc -c -g -O2  conftest.c >&5
configure:3967: $? = 0
configure:4113: checking how to run the C preprocessor
configure:4148: gcc -E  conftest.c
configure:4154: $? = 0
configure:4186: gcc -E  conftest.c
conftest.c:11:28: error: ac_nonexistent.h: No such file or directory
configure:4192: $? = 1
configure: failed program was:
| /* confdefs.h.  */
| 
| #define PACKAGE_NAME "fitLTG"
| #define PACKAGE_TARNAME "fitltg"
| #define PACKAGE_VERSION "0.1"
| #define PACKAGE_STRING "fitLTG 0.1"
| #define PACKAGE_BUGREPORT "frankland@ganil.fr"
| #define PACKAGE "fitltg"
| #define VERSION "0.1"
| /* end confdefs.h.  */
| #include <ac_nonexistent.h>
configure:4231: result: gcc -E
configure:4255: gcc -E  conftest.c
configure:4261: $? = 0
configure:4293: gcc -E  conftest.c
conftest.c:11:28: error: ac_nonexistent.h: No such file or directory
configure:4299: $? = 1
configure: failed program was:
| /* confdefs.h.  */
| 
| #define PACKAGE_NAME "fitLTG"
| #define PACKAGE_TARNAME "fitltg"
| #define PACKAGE_VERSION "0.1"
| #define PACKAGE_STRING "fitLTG 0.1"
| #define PACKAGE_BUGREPORT "frankland@ganil.fr"
| #define PACKAGE "fitltg"
| #define VERSION "0.1"
| /* end confdefs.h.  */
| #include <ac_nonexistent.h>
configure:4343: checking for ANSI C header files
configure:4368: gcc -c -g -O2  conftest.c >&5
configure:4374: $? = 0
configure:4378: test -z 
			 || test ! -s conftest.err
configure:4381: $? = 0
configure:4384: test -s conftest.o
configure:4387: $? = 0
configure:4476: gcc -o conftest -g -O2   conftest.c  >&5
conftest.c: In function 'main':
conftest.c:28: warning: incompatible implicit declaration of built-in function 'exit'
configure:4479: $? = 0
configure:4481: ./conftest
configure:4484: $? = 0
configure:4499: result: yes
configure:4523: checking for sys/types.h
configure:4539: gcc -c -g -O2  conftest.c >&5
configure:4545: $? = 0
configure:4549: test -z 
			 || test ! -s conftest.err
configure:4552: $? = 0
configure:4555: test -s conftest.o
configure:4558: $? = 0
configure:4569: result: yes
configure:4523: checking for sys/stat.h
configure:4539: gcc -c -g -O2  conftest.c >&5
configure:4545: $? = 0
configure:4549: test -z 
			 || test ! -s conftest.err
configure:4552: $? = 0
configure:4555: test -s conftest.o
configure:4558: $? = 0
configure:4569: result: yes
configure:4523: checking for stdlib.h
configure:4539: gcc -c -g -O2  conftest.c >&5
configure:4545: $? = 0
configure:4549: test -z 
			 || test ! -s conftest.err
configure:4552: $? = 0
configure:4555: test -s conftest.o
configure:4558: $? = 0
configure:4569: result: yes
configure:4523: checking for string.h
configure:4539: gcc -c -g -O2  conftest.c >&5
configure:4545: $? = 0
configure:4549: test -z 
			 || test ! -s conftest.err
configure:4552: $? = 0
configure:4555: test -s conftest.o
configure:4558: $? = 0
configure:4569: result: yes
configure:4523: checking for memory.h
configure:4539: gcc -c -g -O2  conftest.c >&5
configure:4545: $? = 0
configure:4549: test -z 
			 || test ! -s conftest.err
configure:4552: $? = 0
configure:4555: test -s conftest.o
configure:4558: $? = 0
configure:4569: result: yes
configure:4523: checking for strings.h
configure:4539: gcc -c -g -O2  conftest.c >&5
configure:4545: $? = 0
configure:4549: test -z 
			 || test ! -s conftest.err
configure:4552: $? = 0
configure:4555: test -s conftest.o
configure:4558: $? = 0
configure:4569: result: yes
configure:4523: checking for inttypes.h
configure:4539: gcc -c -g -O2  conftest.c >&5
configure:4545: $? = 0
configure:4549: test -z 
			 || test ! -s conftest.err
configure:4552: $? = 0
configure:4555: test -s conftest.o
configure:4558: $? = 0
configure:4569: result: yes
configure:4523: checking for stdint.h
configure:4539: gcc -c -g -O2  conftest.c >&5
configure:4545: $? = 0
configure:4549: test -z 
			 || test ! -s conftest.err
configure:4552: $? = 0
configure:4555: test -s conftest.o
configure:4558: $? = 0
configure:4569: result: yes
configure:4523: checking for unistd.h
configure:4539: gcc -c -g -O2  conftest.c >&5
configure:4545: $? = 0
configure:4549: test -z 
			 || test ! -s conftest.err
configure:4552: $? = 0
configure:4555: test -s conftest.o
configure:4558: $? = 0
configure:4569: result: yes
configure:4595: checking dlfcn.h usability
configure:4607: gcc -c -g -O2  conftest.c >&5
configure:4613: $? = 0
configure:4617: test -z 
			 || test ! -s conftest.err
configure:4620: $? = 0
configure:4623: test -s conftest.o
configure:4626: $? = 0
configure:4636: result: yes
configure:4640: checking dlfcn.h presence
configure:4650: gcc -E  conftest.c
configure:4656: $? = 0
configure:4676: result: yes
configure:4711: checking for dlfcn.h
configure:4718: result: yes
configure:4783: checking for g++
configure:4799: found /usr/bin/g++
configure:4809: result: g++
configure:4825: checking for C++ compiler version
configure:4828: g++ --version </dev/null >&5
g++ (GCC) 4.1.2 20080704 (Red Hat 4.1.2-48)
Copyright (C) 2006 Free Software Foundation, Inc.
This is free software; see the source for copying conditions.  There is NO
warranty; not even for MERCHANTABILITY or FITNESS FOR A PARTICULAR PURPOSE.

configure:4831: $? = 0
configure:4833: g++ -v </dev/null >&5
Using built-in specs.
Target: x86_64-redhat-linux
Configured with: ../configure --prefix=/usr --mandir=/usr/share/man --infodir=/usr/share/info --enable-shared --enable-threads=posix --enable-checking=release --with-system-zlib --enable-__cxa_atexit --disable-libunwind-exceptions --enable-libgcj-multifile --enable-languages=c,c++,objc,obj-c++,java,fortran,ada --enable-java-awt=gtk --disable-dssi --enable-plugin --with-java-home=/usr/lib/jvm/java-1.4.2-gcj-1.4.2.0/jre --with-cpu=generic --host=x86_64-redhat-linux
Thread model: posix
gcc version 4.1.2 20080704 (Red Hat 4.1.2-48)
configure:4836: $? = 0
configure:4838: g++ -V </dev/null >&5
g++: '-V' option must have argument
configure:4841: $? = 1
configure:4844: checking whether we are using the GNU C++ compiler
configure:4868: g++ -c   conftest.cc >&5
configure:4874: $? = 0
configure:4878: test -z 
			 || test ! -s conftest.err
configure:4881: $? = 0
configure:4884: test -s conftest.o
configure:4887: $? = 0
configure:4900: result: yes
configure:4906: checking whether g++ accepts -g
configure:4927: g++ -c -g  conftest.cc >&5
configure:4933: $? = 0
configure:4937: test -z 
			 || test ! -s conftest.err
configure:4940: $? = 0
configure:4943: test -s conftest.o
configure:4946: $? = 0
configure:4957: result: yes
configure:4999: g++ -c -g -O2  conftest.cc >&5
configure:5005: $? = 0
configure:5009: test -z 
			 || test ! -s conftest.err
configure:5012: $? = 0
configure:5015: test -s conftest.o
configure:5018: $? = 0
configure:5044: g++ -c -g -O2  conftest.cc >&5
conftest.cc: In function 'int main()':
conftest.cc:26: error: 'exit' was not declared in this scope
configure:5050: $? = 1
configure: failed program was:
| /* confdefs.h.  */
| 
| #define PACKAGE_NAME "fitLTG"
| #define PACKAGE_TARNAME "fitltg"
| #define PACKAGE_VERSION "0.1"
| #define PACKAGE_STRING "fitLTG 0.1"
| #define PACKAGE_BUGREPORT "frankland@ganil.fr"
| #define PACKAGE "fitltg"
| #define VERSION "0.1"
| #define STDC_HEADERS 1
| #define HAVE_SYS_TYPES_H 1
| #define HAVE_SYS_STAT_H 1
| #define HAVE_STDLIB_H 1
| #define HAVE_STRING_H 1
| #define HAVE_MEMORY_H 1
| #define HAVE_STRINGS_H 1
| #define HAVE_INTTYPES_H 1
| #define HAVE_STDINT_H 1
| #define HAVE_UNISTD_H 1
| #define HAVE_DLFCN_H 1
| /* end confdefs.h.  */
| 
| int
| main ()
| {
| exit (42);
|   ;
|   return 0;
| }
configure:4999: g++ -c -g -O2  conftest.cc >&5
configure:5005: $? = 0
configure:5009: test -z 
			 || test ! -s conftest.err
configure:5012: $? = 0
configure:5015: test -s conftest.o
configure:5018: $? = 0
configure:5044: g++ -c -g -O2  conftest.cc >&5
configure:5050: $? = 0
configure:5054: test -z 
			 || test ! -s conftest.err
configure:5057: $? = 0
configure:5060: test -s conftest.o
configure:5063: $? = 0
configure:5088: checking dependency style of g++
configure:5178: result: gcc3
configure:5205: checking how to run the C++ preprocessor
configure:5236: g++ -E  conftest.cc
configure:5242: $? = 0
configure:5274: g++ -E  conftest.cc
conftest.cc:25:28: error: ac_nonexistent.h: No such file or directory
configure:5280: $? = 1
configure: failed program was:
| /* confdefs.h.  */
| 
| #define PACKAGE_NAME "fitLTG"
| #define PACKAGE_TARNAME "fitltg"
| #define PACKAGE_VERSION "0.1"
| #define PACKAGE_STRING "fitLTG 0.1"
| #define PACKAGE_BUGREPORT "frankland@ganil.fr"
| #define PACKAGE "fitltg"
| #define VERSION "0.1"
| #define STDC_HEADERS 1
| #define HAVE_SYS_TYPES_H 1
| #define HAVE_SYS_STAT_H 1
| #define HAVE_STDLIB_H 1
| #define HAVE_STRING_H 1
| #define HAVE_MEMORY_H 1
| #define HAVE_STRINGS_H 1
| #define HAVE_INTTYPES_H 1
| #define HAVE_STDINT_H 1
| #define HAVE_UNISTD_H 1
| #define HAVE_DLFCN_H 1
| #ifdef __cplusplus
| extern "C" void std::exit (int) throw (); using std::exit;
| #endif
| /* end confdefs.h.  */
| #include <ac_nonexistent.h>
configure:5319: result: g++ -E
configure:5343: g++ -E  conftest.cc
configure:5349: $? = 0
configure:5381: g++ -E  conftest.cc
conftest.cc:25:28: error: ac_nonexistent.h: No such file or directory
configure:5387: $? = 1
configure: failed program was:
| /* confdefs.h.  */
| 
| #define PACKAGE_NAME "fitLTG"
| #define PACKAGE_TARNAME "fitltg"
| #define PACKAGE_VERSION "0.1"
| #define PACKAGE_STRING "fitLTG 0.1"
| #define PACKAGE_BUGREPORT "frankland@ganil.fr"
| #define PACKAGE "fitltg"
| #define VERSION "0.1"
| #define STDC_HEADERS 1
| #define HAVE_SYS_TYPES_H 1
| #define HAVE_SYS_STAT_H 1
| #define HAVE_STDLIB_H 1
| #define HAVE_STRING_H 1
| #define HAVE_MEMORY_H 1
| #define HAVE_STRINGS_H 1
| #define HAVE_INTTYPES_H 1
| #define HAVE_STDINT_H 1
| #define HAVE_UNISTD_H 1
| #define HAVE_DLFCN_H 1
| #ifdef __cplusplus
| extern "C" void std::exit (int) throw (); using std::exit;
| #endif
| /* end confdefs.h.  */
| #include <ac_nonexistent.h>
configure:5438: checking the maximum length of command line arguments
configure:5547: result: 32768
configure:5558: checking command to parse /usr/bin/nm -B output from gcc object
configure:5663: g++ -c -g -O2  conftest.cc >&5
configure:5666: $? = 0
configure:5670: /usr/bin/nm -B conftest.o \| sed -n -e 's/^.*[ 	]\([ABCDGIRSTW][ABCDGIRSTW]*\)[ 	][ 	]*\([_A-Za-z][_A-Za-z0-9]*\)$/\1 \2 \2/p' \> conftest.nm
configure:5673: $? = 0
configure:5725: g++ -o conftest -g -O2   conftest.cc conftstm.o >&5
configure:5728: $? = 0
configure:5766: result: ok
configure:5770: checking for objdir
configure:5785: result: .libs
configure:5875: checking for ar
configure:5891: found /usr/bin/ar
configure:5902: result: ar
configure:5955: checking for ranlib
configure:5971: found /usr/bin/ranlib
configure:5982: result: ranlib
configure:6035: checking for strip
configure:6051: found /usr/bin/strip
configure:6062: result: strip
configure:6334: checking if gcc supports -fno-rtti -fno-exceptions
configure:6352: gcc -c -g -O2  -fno-rtti -fno-exceptions conftest.c >&5
cc1: warning: command line option "-fno-rtti" is valid for C++/ObjC++ but not for C
configure:6356: $? = 0
configure:6369: result: no
configure:6384: checking for gcc option to produce PIC
configure:6594: result: -fPIC
configure:6602: checking if gcc PIC flag -fPIC works
configure:6620: gcc -c -g -O2  -fPIC -DPIC conftest.c >&5
configure:6624: $? = 0
configure:6637: result: yes
configure:6665: checking if gcc static flag -static works
configure:6693: result: yes
configure:6703: checking if gcc supports -c -o file.o
configure:6724: gcc -c -g -O2  -o out/conftest2.o conftest.c >&5
configure:6728: $? = 0
configure:6750: result: yes
configure:6776: checking whether the gcc linker (/usr/bin/ld -m elf_x86_64) supports shared libraries
configure:7734: result: yes
configure:7755: checking whether -lc should be explicitly linked in
configure:7760: gcc -c -g -O2  conftest.c >&5
configure:7763: $? = 0
configure:7778: gcc -shared conftest.o  -v -Wl,-soname -Wl,conftest -o conftest 2\>\&1 \| grep  -lc  \>/dev/null 2\>\&1
configure:7781: $? = 0
configure:7793: result: no
configure:7801: checking dynamic linker characteristics
configure:8194: gcc -c -g -O2  conftest.c >&5
configure:8197: $? = 0
configure:8410: result: GNU/Linux ld.so
configure:8419: checking how to hardcode library paths into programs
configure:8444: result: immediate
configure:8458: checking whether stripping libraries is possible
configure:8463: result: yes
configure:9297: checking if libtool supports shared libraries
configure:9299: result: yes
configure:9302: checking whether to build shared libraries
configure:9323: result: yes
configure:9326: checking whether to build static libraries
configure:9330: result: yes
configure:9422: creating libtool
configure:10013: checking for ld used by g++
configure:10080: result: /usr/bin/ld -m elf_x86_64
configure:10089: checking if the linker (/usr/bin/ld -m elf_x86_64) is GNU ld
configure:10104: result: yes
configure:10155: checking whether the g++ linker (/usr/bin/ld -m elf_x86_64) supports shared libraries
configure:11093: result: yes
configure:11111: g++ -c -g -O2  conftest.cpp >&5
configure:11114: $? = 0
configure:11233: checking for g++ option to produce PIC
configure:11507: result: -fPIC
configure:11515: checking if g++ PIC flag -fPIC works
configure:11533: g++ -c -g -O2  -fPIC -DPIC conftest.cpp >&5
configure:11537: $? = 0
configure:11550: result: yes
configure:11578: checking if g++ static flag -static works
configure:11606: result: yes
configure:11616: checking if g++ supports -c -o file.o
configure:11637: g++ -c -g -O2  -o out/conftest2.o conftest.cpp >&5
configure:11641: $? = 0
configure:11663: result: yes
configure:11689: checking whether the g++ linker (/usr/bin/ld -m elf_x86_64) supports shared libraries
configure:11714: result: yes
configure:11781: checking dynamic linker characteristics
configure:12174: g++ -c -g -O2  conftest.cpp >&5
configure:12177: $? = 0
configure:12390: result: GNU/Linux ld.so
configure:12399: checking how to hardcode library paths into programs
configure:12424: result: immediate
configure:12953: checking if libtool supports shared libraries
configure:12955: result: yes
configure:12958: checking whether to build shared libraries
configure:12978: result: yes
configure:12981: checking whether to build static libraries
configure:12985: result: yes
configure:12995: checking for gfortran option to produce PIC
configure:13205: result: -fPIC
configure:13213: checking if gfortran PIC flag -fPIC works
configure:13231: gfortran -c -g -O2 -fPIC conftest.f >&5
configure:13235: $? = 0
configure:13248: result: yes
configure:13276: checking if gfortran static flag -static works
configure:13304: result: yes
configure:13314: checking if gfortran supports -c -o file.o
configure:13335: gfortran -c -g -O2 -o out/conftest2.o conftest.f >&5
configure:13339: $? = 0
configure:13361: result: yes
configure:13387: checking whether the gfortran linker (/usr/bin/ld -m elf_x86_64) supports shared libraries
configure:14325: result: yes
configure:14392: checking dynamic linker characteristics
configure:14785: gfortran -c -g -O2 conftest.f >&5
Warning: conftest.f:1: Illegal preprocessor directive
configure:14788: $? = 0
configure:15001: result: GNU/Linux ld.so
configure:15010: checking how to hardcode library paths into programs
configure:15035: result: immediate
configure:18632: checking for ANSI C header files
configure:18788: result: yes
configure:18804: checking how to get verbose linking output from gfortran
configure:18815: gfortran -c -g -O2 conftest.f >&5
configure:18821: $? = 0
configure:18825: test -z 
			 || test ! -s conftest.err
configure:18828: $? = 0
configure:18831: test -s conftest.o
configure:18834: $? = 0
configure:18851: gfortran -o conftest -g -O2 -v  conftest.f  >&5
Using built-in specs.
Target: x86_64-redhat-linux
Configured with: ../configure --prefix=/usr --mandir=/usr/share/man --infodir=/usr/share/info --enable-shared --enable-threads=posix --enable-checking=release --with-system-zlib --enable-__cxa_atexit --disable-libunwind-exceptions --enable-libgcj-multifile --enable-languages=c,c++,objc,obj-c++,java,fortran,ada --enable-java-awt=gtk --disable-dssi --enable-plugin --with-java-home=/usr/lib/jvm/java-1.4.2-gcj-1.4.2.0/jre --with-cpu=generic --host=x86_64-redhat-linux
Thread model: posix
gcc version 4.1.2 20080704 (Red Hat 4.1.2-48)
 /usr/libexec/gcc/x86_64-redhat-linux/4.1.2/f951 conftest.f -ffixed-form -quiet -dumpbase conftest.f -mtune=generic -auxbase conftest -g -O2 -version -I /usr/lib/gcc/x86_64-redhat-linux/4.1.2/finclude -o /tmp/ccj1XkqB.s
GNU F95 version 4.1.2 20080704 (Red Hat 4.1.2-48) (x86_64-redhat-linux)
	compiled by GNU C version 4.1.2 20080704 (Red Hat 4.1.2-48).
GGC heuristics: --param ggc-min-expand=100 --param ggc-min-heapsize=131072
 as -V -Qy -o /tmp/ccIe3kE1.o /tmp/ccj1XkqB.s
GNU assembler version 2.17.50.0.6-14.el5 (x86_64-redhat-linux) using BFD version 2.17.50.0.6-14.el5 20061020
 /usr/libexec/gcc/x86_64-redhat-linux/4.1.2/collect2 --eh-frame-hdr -m elf_x86_64 --hash-style=gnu -dynamic-linker /lib64/ld-linux-x86-64.so.2 -o conftest /usr/lib/gcc/x86_64-redhat-linux/4.1.2/../../../../lib64/crt1.o /usr/lib/gcc/x86_64-redhat-linux/4.1.2/../../../../lib64/crti.o /usr/lib/gcc/x86_64-redhat-linux/4.1.2/crtbegin.o -L/usr/lib/gcc/x86_64-redhat-linux/4.1.2 -L/usr/lib/gcc/x86_64-redhat-linux/4.1.2 -L/usr/lib/gcc/x86_64-redhat-linux/4.1.2/../../../../lib64 -L/lib/../lib64 -L/usr/lib/../lib64 /tmp/ccIe3kE1.o -lgfortranbegin -lgfortran -lm -lgcc_s -lgcc -lc -lgcc_s -lgcc /usr/lib/gcc/x86_64-redhat-linux/4.1.2/crtend.o /usr/lib/gcc/x86_64-redhat-linux/4.1.2/../../../../lib64/crtn.o
configure:18906: result: -v
configure:18908: checking for Fortran libraries of gfortran
configure:18929: gfortran -o conftest -g -O2 -v  conftest.f  >&5
Using built-in specs.
Target: x86_64-redhat-linux
Configured with: ../configure --prefix=/usr --mandir=/usr/share/man --infodir=/usr/share/info --enable-shared --enable-threads=posix --enable-checking=release --with-system-zlib --enable-__cxa_atexit --disable-libunwind-exceptions --enable-libgcj-multifile --enable-languages=c,c++,objc,obj-c++,java,fortran,ada --enable-java-awt=gtk --disable-dssi --enable-plugin --with-java-home=/usr/lib/jvm/java-1.4.2-gcj-1.4.2.0/jre --with-cpu=generic --host=x86_64-redhat-linux
Thread model: posix
gcc version 4.1.2 20080704 (Red Hat 4.1.2-48)
 /usr/libexec/gcc/x86_64-redhat-linux/4.1.2/f951 conftest.f -ffixed-form -quiet -dumpbase conftest.f -mtune=generic -auxbase conftest -g -O2 -version -I /usr/lib/gcc/x86_64-redhat-linux/4.1.2/finclude -o /tmp/ccOWOfsL.s
GNU F95 version 4.1.2 20080704 (Red Hat 4.1.2-48) (x86_64-redhat-linux)
	compiled by GNU C version 4.1.2 20080704 (Red Hat 4.1.2-48).
GGC heuristics: --param ggc-min-expand=100 --param ggc-min-heapsize=131072
 as -V -Qy -o /tmp/ccsrqcKl.o /tmp/ccOWOfsL.s
GNU assembler version 2.17.50.0.6-14.el5 (x86_64-redhat-linux) using BFD version 2.17.50.0.6-14.el5 20061020
 /usr/libexec/gcc/x86_64-redhat-linux/4.1.2/collect2 --eh-frame-hdr -m elf_x86_64 --hash-style=gnu -dynamic-linker /lib64/ld-linux-x86-64.so.2 -o conftest /usr/lib/gcc/x86_64-redhat-linux/4.1.2/../../../../lib64/crt1.o /usr/lib/gcc/x86_64-redhat-linux/4.1.2/../../../../lib64/crti.o /usr/lib/gcc/x86_64-redhat-linux/4.1.2/crtbegin.o -L/usr/lib/gcc/x86_64-redhat-linux/4.1.2 -L/usr/lib/gcc/x86_64-redhat-linux/4.1.2 -L/usr/lib/gcc/x86_64-redhat-linux/4.1.2/../../../../lib64 -L/lib/../lib64 -L/usr/lib/../lib64 /tmp/ccsrqcKl.o -lgfortranbegin -lgfortran -lm -lgcc_s -lgcc -lc -lgcc_s -lgcc /usr/lib/gcc/x86_64-redhat-linux/4.1.2/crtend.o /usr/lib/gcc/x86_64-redhat-linux/4.1.2/../../../../lib64/crtn.o
configure:19090: result:  -L/usr/lib/gcc/x86_64-redhat-linux/4.1.2 -L/usr/lib/gcc/x86_64-redhat-linux/4.1.2/../../../../lib64 -L/lib/../lib64 -L/usr/lib/../lib64 -lgfortranbegin -lgfortran -lm -lgcc_s
configure:19106: checking for dummy main to link with Fortran libraries
configure:19145: gcc -o conftest -g -O2   conftest.c   -L/usr/lib/gcc/x86_64-redhat-linux/4.1.2 -L/usr/lib/gcc/x86_64-redhat-linux/4.1.2/../../../../lib64 -L/lib/../lib64 -L/usr/lib/../lib64 -lgfortranbegin -lgfortran -lm -lgcc_s >&5
configure:19151: $? = 0
configure:19155: test -z 
			 || test ! -s conftest.err
configure:19158: $? = 0
configure:19161: test -s conftest
configure:19164: $? = 0
configure:19242: result: none
configure:19279: checking for Fortran name-mangling scheme
configure:19293: gfortran -c -g -O2 conftest.f >&5
configure:19299: $? = 0
configure:19303: test -z 
			 || test ! -s conftest.err
configure:19306: $? = 0
configure:19309: test -s conftest.o
configure:19312: $? = 0
configure:19359: gcc -o conftest -g -O2   conftest.c cfortran_test.o   -L/usr/lib/gcc/x86_64-redhat-linux/4.1.2 -L/usr/lib/gcc/x86_64-redhat-linux/4.1.2/../../../../lib64 -L/lib/../lib64 -L/usr/lib/../lib64 -lgfortranbegin -lgfortran -lm -lgcc_s >&5
/tmp/ccStsGv8.o: In function `main':
/afs/in2p3.fr/home/p/pwigg/KaliVeda_e503/fitltg-0.1/conftest.c:45: undefined reference to `foobar'
collect2: ld returned 1 exit status
configure:19365: $? = 1
configure: failed program was:
| /* confdefs.h.  */
| 
| #define PACKAGE_NAME "fitLTG"
| #define PACKAGE_TARNAME "fitltg"
| #define PACKAGE_VERSION "0.1"
| #define PACKAGE_STRING "fitLTG 0.1"
| #define PACKAGE_BUGREPORT "frankland@ganil.fr"
| #define PACKAGE "fitltg"
| #define VERSION "0.1"
| #define STDC_HEADERS 1
| #define HAVE_SYS_TYPES_H 1
| #define HAVE_SYS_STAT_H 1
| #define HAVE_STDLIB_H 1
| #define HAVE_STRING_H 1
| #define HAVE_MEMORY_H 1
| #define HAVE_STRINGS_H 1
| #define HAVE_INTTYPES_H 1
| #define HAVE_STDINT_H 1
| #define HAVE_UNISTD_H 1
| #define HAVE_DLFCN_H 1
| #ifdef __cplusplus
| extern "C" void std::exit (int) throw (); using std::exit;
| #endif
| #define STDC_HEADERS 1
| /* end confdefs.h.  */
| 
| /* Override any gcc2 internal prototype to avoid an error.  */
| #ifdef __cplusplus
| extern "C"
| #endif
| /* We use char because int might match the return type of a gcc2
|    builtin and then its argument prototype would still apply.  */
| char foobar ();
| #ifdef F77_DUMMY_MAIN
| 
| #  ifdef __cplusplus
|      extern "C"
| #  endif
|    int F77_DUMMY_MAIN() { return 1; }
| 
| #endif
| int
| main ()
| {
| foobar ();
|   ;
|   return 0;
| }
configure:19359: gcc -o conftest -g -O2   conftest.c cfortran_test.o   -L/usr/lib/gcc/x86_64-redhat-linux/4.1.2 -L/usr/lib/gcc/x86_64-redhat-linux/4.1.2/../../../../lib64 -L/lib/../lib64 -L/usr/lib/../lib64 -lgfortranbegin -lgfortran -lm -lgcc_s >&5
configure:19365: $? = 0
configure:19369: test -z 
			 || test ! -s conftest.err
configure:19372: $? = 0
configure:19375: test -s conftest
configure:19378: $? = 0
configure:19446: gcc -o conftest -g -O2   conftest.c cfortran_test.o   -L/usr/lib/gcc/x86_64-redhat-linux/4.1.2 -L/usr/lib/gcc/x86_64-redhat-linux/4.1.2/../../../../lib64 -L/lib/../lib64 -L/usr/lib/../lib64 -lgfortranbegin -lgfortran -lm -lgcc_s >&5
configure:19452: $? = 0
configure:19456: test -z 
			 || test ! -s conftest.err
configure:19459: $? = 0
configure:19462: test -s conftest
configure:19465: $? = 0
configure:19515: result: lower case, underscore, no extra underscore
configure:19625: checking for pow
configure:19690: gcc -o conftest -g -O2   conftest.c  >&5
conftest.c:52: warning: conflicting types for built-in function 'pow'
/tmp/ccUK2tCR.o: In function `main':
/afs/in2p3.fr/home/p/pwigg/KaliVeda_e503/fitltg-0.1/conftest.c:75: undefined reference to `pow'
/tmp/ccUK2tCR.o:(.data+0x0): undefined reference to `pow'
collect2: ld returned 1 exit status
configure:19696: $? = 1
configure: failed program was:
| /* confdefs.h.  */
| 
| #define PACKAGE_NAME "fitLTG"
| #define PACKAGE_TARNAME "fitltg"
| #define PACKAGE_VERSION "0.1"
| #define PACKAGE_STRING "fitLTG 0.1"
| #define PACKAGE_BUGREPORT "frankland@ganil.fr"
| #define PACKAGE "fitltg"
| #define VERSION "0.1"
| #define STDC_HEADERS 1
| #define HAVE_SYS_TYPES_H 1
| #define HAVE_SYS_STAT_H 1
| #define HAVE_STDLIB_H 1
| #define HAVE_STRING_H 1
| #define HAVE_MEMORY_H 1
| #define HAVE_STRINGS_H 1
| #define HAVE_INTTYPES_H 1
| #define HAVE_STDINT_H 1
| #define HAVE_UNISTD_H 1
| #define HAVE_DLFCN_H 1
| #ifdef __cplusplus
| extern "C" void std::exit (int) throw (); using std::exit;
| #endif
| #define STDC_HEADERS 1
| #define F77_FUNC(name,NAME) name ## _
| #define F77_FUNC_(name,NAME) name ## _
| /* end confdefs.h.  */
| /* Define pow to an innocuous variant, in case <limits.h> declares pow.
|    For example, HP-UX 11i <limits.h> declares gettimeofday.  */
| #define pow innocuous_pow
| 
| /* System header to define __stub macros and hopefully few prototypes,
|     which can conflict with char pow (); below.
|     Prefer <limits.h> to <assert.h> if __STDC__ is defined, since
|     <limits.h> exists even on freestanding compilers.  */
| 
| #ifdef __STDC__
| # include <limits.h>
| #else
| # include <assert.h>
| #endif
| 
| #undef pow
| 
| /* Override any gcc2 internal prototype to avoid an error.  */
| #ifdef __cplusplus
| extern "C"
| {
| #endif
| /* We use char because int might match the return type of a gcc2
|    builtin and then its argument prototype would still apply.  */
| char pow ();
| /* The GNU C library defines this for functions which it implements
|     to always fail with ENOSYS.  Some functions are actually named
|     something starting with __ and the normal name is an alias.  */
| #if defined (__stub_pow) || defined (__stub___pow)
| choke me
| #else
| char (*f) () = pow;
| #endif
| #ifdef __cplusplus
| }
| #endif
| 
| #ifdef F77_DUMMY_MAIN
| 
| #  ifdef __cplusplus
|      extern "C"
| #  endif
|    int F77_DUMMY_MAIN() { return 1; }
| 
| #endif
| int
| main ()
| {
| return f != pow;
|   ;
|   return 0;
| }
configure:19721: result: no
configure:19625: checking for sqrt
configure:19690: gcc -o conftest -g -O2   conftest.c  >&5
conftest.c:52: warning: conflicting types for built-in function 'sqrt'
/tmp/ccgaCI7a.o: In function `main':
/afs/in2p3.fr/home/p/pwigg/KaliVeda_e503/fitltg-0.1/conftest.c:75: undefined reference to `sqrt'
/tmp/ccgaCI7a.o:(.data+0x0): undefined reference to `sqrt'
collect2: ld returned 1 exit status
configure:19696: $? = 1
configure: failed program was:
| /* confdefs.h.  */
| 
| #define PACKAGE_NAME "fitLTG"
| #define PACKAGE_TARNAME "fitltg"
| #define PACKAGE_VERSION "0.1"
| #define PACKAGE_STRING "fitLTG 0.1"
| #define PACKAGE_BUGREPORT "frankland@ganil.fr"
| #define PACKAGE "fitltg"
| #define VERSION "0.1"
| #define STDC_HEADERS 1
| #define HAVE_SYS_TYPES_H 1
| #define HAVE_SYS_STAT_H 1
| #define HAVE_STDLIB_H 1
| #define HAVE_STRING_H 1
| #define HAVE_MEMORY_H 1
| #define HAVE_STRINGS_H 1
| #define HAVE_INTTYPES_H 1
| #define HAVE_STDINT_H 1
| #define HAVE_UNISTD_H 1
| #define HAVE_DLFCN_H 1
| #ifdef __cplusplus
| extern "C" void std::exit (int) throw (); using std::exit;
| #endif
| #define STDC_HEADERS 1
| #define F77_FUNC(name,NAME) name ## _
| #define F77_FUNC_(name,NAME) name ## _
| /* end confdefs.h.  */
| /* Define sqrt to an innocuous variant, in case <limits.h> declares sqrt.
|    For example, HP-UX 11i <limits.h> declares gettimeofday.  */
| #define sqrt innocuous_sqrt
| 
| /* System header to define __stub macros and hopefully few prototypes,
|     which can conflict with char sqrt (); below.
|     Prefer <limits.h> to <assert.h> if __STDC__ is defined, since
|     <limits.h> exists even on freestanding compilers.  */
| 
| #ifdef __STDC__
| # include <limits.h>
| #else
| # include <assert.h>
| #endif
| 
| #undef sqrt
| 
| /* Override any gcc2 internal prototype to avoid an error.  */
| #ifdef __cplusplus
| extern "C"
| {
| #endif
| /* We use char because int might match the return type of a gcc2
|    builtin and then its argument prototype would still apply.  */
| char sqrt ();
| /* The GNU C library defines this for functions which it implements
|     to always fail with ENOSYS.  Some functions are actually named
|     something starting with __ and the normal name is an alias.  */
| #if defined (__stub_sqrt) || defined (__stub___sqrt)
| choke me
| #else
| char (*f) () = sqrt;
| #endif
| #ifdef __cplusplus
| }
| #endif
| 
| #ifdef F77_DUMMY_MAIN
| 
| #  ifdef __cplusplus
|      extern "C"
| #  endif
|    int F77_DUMMY_MAIN() { return 1; }
| 
| #endif
| int
| main ()
| {
| return f != sqrt;
|   ;
|   return 0;
| }
configure:19721: result: no
configure:19731: checking for an ANSI C-conforming const
configure:19806: gcc -c -g -O2  conftest.c >&5
configure:19812: $? = 0
configure:19816: test -z 
			 || test ! -s conftest.err
configure:19819: $? = 0
configure:19822: test -s conftest.o
configure:19825: $? = 0
configure:19836: result: yes
configure:19966: creating ./config.status

## ---------------------- ##
## Running config.status. ##
## ---------------------- ##

This file was extended by fitLTG config.status 0.1, which was
generated by GNU Autoconf 2.59.  Invocation command line was

  CONFIG_FILES    = 
  CONFIG_HEADERS  = 
  CONFIG_LINKS    = 
  CONFIG_COMMANDS = 
  $ ./config.status 

on ccage028

config.status:717: creating Makefile
config.status:717: creating src/Makefile
config.status:821: creating config.h
config.status:935: config.h is unchanged
config.status:1115: executing depfiles commands

## ---------------- ##
## Cache variables. ##
## ---------------- ##

ac_cv_build=x86_64-unknown-linux-gnu
ac_cv_build_alias=x86_64-unknown-linux-gnu
ac_cv_c_compiler_gnu=yes
ac_cv_c_const=yes
ac_cv_cxx_compiler_gnu=yes
ac_cv_env_CC_set=
ac_cv_env_CC_value=
ac_cv_env_CFLAGS_set=
ac_cv_env_CFLAGS_value=
ac_cv_env_CPPFLAGS_set=
ac_cv_env_CPPFLAGS_value=
ac_cv_env_CPP_set=
ac_cv_env_CPP_value=
ac_cv_env_CXXCPP_set=
ac_cv_env_CXXCPP_value=
ac_cv_env_CXXFLAGS_set=
ac_cv_env_CXXFLAGS_value=
ac_cv_env_CXX_set=
ac_cv_env_CXX_value=
ac_cv_env_F77_set=
ac_cv_env_F77_value=
ac_cv_env_FFLAGS_set=
ac_cv_env_FFLAGS_value=
ac_cv_env_LDFLAGS_set=
ac_cv_env_LDFLAGS_value=
ac_cv_env_build_alias_set=
ac_cv_env_build_alias_value=
ac_cv_env_host_alias_set=
ac_cv_env_host_alias_value=
ac_cv_env_target_alias_set=
ac_cv_env_target_alias_value=
ac_cv_exeext=
ac_cv_f77_compiler_gnu=yes
ac_cv_f77_dummy_main=none
ac_cv_f77_libs=' -L/usr/lib/gcc/x86_64-redhat-linux/4.1.2 -L/usr/lib/gcc/x86_64-redhat-linux/4.1.2/../../../../lib64 -L/lib/../lib64 -L/usr/lib/../lib64 -lgfortranbegin -lgfortran -lm -lgcc_s'
ac_cv_f77_mangling='lower case, underscore, no extra underscore'
ac_cv_fortran_dummy_main=none
ac_cv_func_pow=no
ac_cv_func_sqrt=no
ac_cv_header_dlfcn_h=yes
ac_cv_header_inttypes_h=yes
ac_cv_header_memory_h=yes
ac_cv_header_stdc=yes
ac_cv_header_stdint_h=yes
ac_cv_header_stdlib_h=yes
ac_cv_header_string_h=yes
ac_cv_header_strings_h=yes
ac_cv_header_sys_stat_h=yes
ac_cv_header_sys_types_h=yes
ac_cv_header_unistd_h=yes
ac_cv_host=x86_64-unknown-linux-gnu
ac_cv_host_alias=x86_64-unknown-linux-gnu
ac_cv_objext=o
ac_cv_path_install='/usr/bin/install -c'
ac_cv_prog_AWK=gawk
ac_cv_prog_CPP='gcc -E'
ac_cv_prog_CXXCPP='g++ -E'
ac_cv_prog_ac_ct_AR=ar
ac_cv_prog_ac_ct_CC=gcc
ac_cv_prog_ac_ct_CXX=g++
ac_cv_prog_ac_ct_F77=gfortran
ac_cv_prog_ac_ct_RANLIB=ranlib
ac_cv_prog_ac_ct_STRIP=strip
ac_cv_prog_cc_g=yes
ac_cv_prog_cc_stdc=
ac_cv_prog_cxx_g=yes
ac_cv_prog_egrep='grep -E'
ac_cv_prog_f77_g=yes
ac_cv_prog_f77_v=-v
ac_cv_prog_make_make_set=yes
am_cv_CC_dependencies_compiler_type=gcc3
am_cv_CXX_dependencies_compiler_type=gcc3
lt_cv_deplibs_check_method=pass_all
lt_cv_file_magic_cmd='$MAGIC_CMD'
lt_cv_file_magic_test_file=
lt_cv_ld_reload_flag=-r
lt_cv_objdir=.libs
lt_cv_path_LD=/usr/bin/ld
lt_cv_path_LDCXX='/usr/bin/ld -m elf_x86_64'
lt_cv_path_NM='/usr/bin/nm -B'
lt_cv_path_SED=/bin/sed
lt_cv_prog_compiler_c_o=yes
lt_cv_prog_compiler_c_o_CXX=yes
lt_cv_prog_compiler_c_o_F77=yes
lt_cv_prog_compiler_rtti_exceptions=no
lt_cv_prog_gnu_ld=yes
lt_cv_prog_gnu_ldcxx=yes
lt_cv_sys_global_symbol_pipe='sed -n -e '\''s/^.*[ 	]\([ABCDGIRSTW][ABCDGIRSTW]*\)[ 	][ 	]*\([_A-Za-z][_A-Za-z0-9]*\)$/\1 \2 \2/p'\'''
lt_cv_sys_global_symbol_to_c_name_address='sed -n -e '\''s/^: \([^ ]*\) $/  {\"\1\", (lt_ptr) 0},/p'\'' -e '\''s/^[BCDEGRST] \([^ ]*\) \([^ ]*\)$/  {"\2", (lt_ptr) \&\2},/p'\'''
lt_cv_sys_global_symbol_to_cdecl='sed -n -e '\''s/^. .* \(.*\)$/extern int \1;/p'\'''
lt_cv_sys_max_cmd_len=32768
lt_lt_cv_prog_compiler_c_o='"yes"'
lt_lt_cv_prog_compiler_c_o_CXX='"yes"'
lt_lt_cv_prog_compiler_c_o_F77='"yes"'
lt_lt_cv_sys_global_symbol_pipe='"sed -n -e '\''s/^.*[ 	]\\([ABCDGIRSTW][ABCDGIRSTW]*\\)[ 	][ 	]*\\([_A-Za-z][_A-Za-z0-9]*\\)\$/\\1 \\2 \\2/p'\''"'
lt_lt_cv_sys_global_symbol_to_c_name_address='"sed -n -e '\''s/^: \\([^ ]*\\) \$/  {\\\"\\1\\\", (lt_ptr) 0},/p'\'' -e '\''s/^[BCDEGRST] \\([^ ]*\\) \\([^ ]*\\)\$/  {\"\\2\", (lt_ptr) \\&\\2},/p'\''"'
lt_lt_cv_sys_global_symbol_to_cdecl='"sed -n -e '\''s/^. .* \\(.*\\)\$/extern int \\1;/p'\''"'

## ----------------- ##
## Output variables. ##
## ----------------- ##

ACLOCAL='${SHELL} /afs/in2p3.fr/home/p/pwigg/KaliVeda_e503/fitltg-0.1/missing --run aclocal-1.9'
AMDEPBACKSLASH='\'
AMDEP_FALSE='#'
AMDEP_TRUE=''
AMTAR='${SHELL} /afs/in2p3.fr/home/p/pwigg/KaliVeda_e503/fitltg-0.1/missing --run tar'
AR='ar'
AUTOCONF='${SHELL} /afs/in2p3.fr/home/p/pwigg/KaliVeda_e503/fitltg-0.1/missing --run autoconf'
AUTOHEADER='${SHELL} /afs/in2p3.fr/home/p/pwigg/KaliVeda_e503/fitltg-0.1/missing --run autoheader'
AUTOMAKE='${SHELL} /afs/in2p3.fr/home/p/pwigg/KaliVeda_e503/fitltg-0.1/missing --run automake-1.9'
AWK='gawk'
CC='gcc'
CCDEPMODE='depmode=gcc3'
CFLAGS='-g -O2'
CPP='gcc -E'
CPPFLAGS=''
CXX='g++'
CXXCPP='g++ -E'
CXXDEPMODE='depmode=gcc3'
CXXFLAGS='-g -O2'
CYGPATH_W='echo'
DEFS='-DHAVE_CONFIG_H'
DEPDIR='.deps'
ECHO='echo'
ECHO_C=''
ECHO_N='-n'
ECHO_T=''
EGREP='grep -E'
EXEEXT=''
F77='gfortran'
FFLAGS='-Wall -Wno-unused'
FLIBS=' -L/usr/lib/gcc/x86_64-redhat-linux/4.1.2 -L/usr/lib/gcc/x86_64-redhat-linux/4.1.2/../../../../lib64 -L/lib/../lib64 -L/usr/lib/../lib64 -lgfortranbegin -lgfortran -lm -lgcc_s'
INSTALL_DATA='${INSTALL} -m 644'
INSTALL_PROGRAM='${INSTALL}'
INSTALL_SCRIPT='${INSTALL}'
INSTALL_STRIP_PROGRAM='${SHELL} $(install_sh) -c -s'
LDFLAGS=''
LIBOBJS=''
LIBS=''
LIBTOOL='$(SHELL) $(top_builddir)/libtool'
LN_S='ln -s'
LTLIBOBJS=''
MAKEINFO='${SHELL} /afs/in2p3.fr/home/p/pwigg/KaliVeda_e503/fitltg-0.1/missing --run makeinfo'
OBJEXT='o'
PACKAGE='fitltg'
PACKAGE_BUGREPORT='frankland@ganil.fr'
PACKAGE_NAME='fitLTG'
PACKAGE_STRING='fitLTG 0.1'
PACKAGE_TARNAME='fitltg'
PACKAGE_VERSION='0.1'
PATH_SEPARATOR=':'
RANLIB='ranlib'
SED='/bin/sed'
SET_MAKE=''
SHELL='/bin/sh'
STRIP='strip'
VERSION='0.1'
ac_ct_AR='ar'
ac_ct_CC='gcc'
ac_ct_CXX='g++'
ac_ct_F77='gfortran'
ac_ct_RANLIB='ranlib'
ac_ct_STRIP='strip'
am__fastdepCC_FALSE='#'
am__fastdepCC_TRUE=''
am__fastdepCXX_FALSE='#'
am__fastdepCXX_TRUE=''
am__include='include'
am__leading_dot='.'
am__quote=''
am__tar='${AMTAR} chof - "$$tardir"'
am__untar='${AMTAR} xf -'
bindir='${exec_prefix}/bin'
build='x86_64-unknown-linux-gnu'
build_alias=''
build_cpu='x86_64'
build_os='linux-gnu'
build_vendor='unknown'
datadir='${prefix}/share'
exec_prefix='${prefix}'
host='x86_64-unknown-linux-gnu'
host_alias=''
host_cpu='x86_64'
host_os='linux-gnu'
host_vendor='unknown'
includedir='${prefix}/include'
infodir='${prefix}/info'
install_sh='/afs/in2p3.fr/home/p/pwigg/KaliVeda_e503/fitltg-0.1/install-sh'
libdir='${exec_prefix}/lib'
libexecdir='${exec_prefix}/libexec'
localstatedir='${prefix}/var'
mandir='${prefix}/man'
mkdir_p='mkdir -p --'
oldincludedir='/usr/include'
prefix='/afs/in2p3.fr/home/p/pwigg/KaliVeda_e503'
program_transform_name='s,x,x,'
sbindir='${exec_prefix}/sbin'
sharedstatedir='${prefix}/com'
sysconfdir='${prefix}/etc'
target_alias=''

## ----------- ##
## confdefs.h. ##
## ----------- ##

#define F77_FUNC(name,NAME) name ## _
#define F77_FUNC_(name,NAME) name ## _
#define HAVE_DLFCN_H 1
#define HAVE_INTTYPES_H 1
#define HAVE_MEMORY_H 1
#define HAVE_STDINT_H 1
#define HAVE_STDLIB_H 1
#define HAVE_STRINGS_H 1
#define HAVE_STRING_H 1
#define HAVE_SYS_STAT_H 1
#define HAVE_SYS_TYPES_H 1
#define HAVE_UNISTD_H 1
#define PACKAGE "fitltg"
#define PACKAGE_BUGREPORT "frankland@ganil.fr"
#define PACKAGE_NAME "fitLTG"
#define PACKAGE_STRING "fitLTG 0.1"
#define PACKAGE_TARNAME "fitltg"
#define PACKAGE_VERSION "0.1"
#define STDC_HEADERS 1
#define STDC_HEADERS 1
#define VERSION "0.1"
#endif
#ifdef __cplusplus
extern "C" void std::exit (int) throw (); using std::exit;

configure: exit 0
